0 info it worked if it ends with ok
1 verbose cli [ '/home/simon/Programs/node-v6.11.0-linux-x64/bin/node',
1 verbose cli   '/home/simon/Programs/node-v6.11.0-linux-x64/bin/npm',
1 verbose cli   'run',
1 verbose cli   'build' ]
2 info using npm@3.10.10
3 info using node@v6.11.0
4 verbose run-script [ 'prebuild', 'build', 'postbuild' ]
5 info lifecycle ConfServer@1.0.0~prebuild: ConfServer@1.0.0
6 silly lifecycle ConfServer@1.0.0~prebuild: no script for prebuild, continuing
7 info lifecycle ConfServer@1.0.0~build: ConfServer@1.0.0
8 verbose lifecycle ConfServer@1.0.0~build: unsafe-perm in lifecycle true
9 verbose lifecycle ConfServer@1.0.0~build: PATH: /home/simon/Programs/node-v6.11.0-linux-x64/lib/node_modules/npm/bin/node-gyp-bin:/home/simon/WebstormProjects/confero-server/services/webserver/node_modules/.bin:/home/simon/.sdkman/candidates/gradle/current/bin:/home/simon/.rvm/gems/ruby-2.2.1/bin:/home/simon/.rvm/gems/ruby-2.2.1@global/bin:/home/simon/.rvm/rubies/ruby-2.2.1/bin:/usr/local/sbin:/usr/local/bin:/usr/sbin:/usr/bin:/sbin:/bin:/usr/games:/usr/local/games:/usr/lib/jvm/java-8-oracle/bin:/usr/lib/jvm/java-8-oracle/db/bin:/usr/lib/jvm/java-8-oracle/jre/bin:/home/simon/.rvm/bin:/home/simon/.rvm/bin:/home/simon/Programs/node-v6.11.0-linux-x64/bin:/home/simon/Android/Sdk
10 verbose lifecycle ConfServer@1.0.0~build: CWD: /home/simon/WebstormProjects/confero-server/services/webserver
11 silly lifecycle ConfServer@1.0.0~build: Args: [ '-c', 'tsc' ]
12 silly lifecycle ConfServer@1.0.0~build: Returned: code: 2  signal: null
13 info lifecycle ConfServer@1.0.0~build: Failed to exec build script
14 verbose stack Error: ConfServer@1.0.0 build: `tsc`
14 verbose stack Exit status 2
14 verbose stack     at EventEmitter.<anonymous> (/home/simon/Programs/node-v6.11.0-linux-x64/lib/node_modules/npm/lib/utils/lifecycle.js:255:16)
14 verbose stack     at emitTwo (events.js:106:13)
14 verbose stack     at EventEmitter.emit (events.js:191:7)
14 verbose stack     at ChildProcess.<anonymous> (/home/simon/Programs/node-v6.11.0-linux-x64/lib/node_modules/npm/lib/utils/spawn.js:40:14)
14 verbose stack     at emitTwo (events.js:106:13)
14 verbose stack     at ChildProcess.emit (events.js:191:7)
14 verbose stack     at maybeClose (internal/child_process.js:891:16)
14 verbose stack     at Process.ChildProcess._handle.onexit (internal/child_process.js:226:5)
15 verbose pkgid ConfServer@1.0.0
16 verbose cwd /home/simon/WebstormProjects/confero-server/services/webserver
17 error Linux 3.13.0-121-generic
18 error argv "/home/simon/Programs/node-v6.11.0-linux-x64/bin/node" "/home/simon/Programs/node-v6.11.0-linux-x64/bin/npm" "run" "build"
19 error node v6.11.0
20 error npm  v3.10.10
21 error code ELIFECYCLE
22 error ConfServer@1.0.0 build: `tsc`
22 error Exit status 2
23 error Failed at the ConfServer@1.0.0 build script 'tsc'.
23 error Make sure you have the latest version of node.js and npm installed.
23 error If you do, this is most likely a problem with the ConfServer package,
23 error not with npm itself.
23 error Tell the author that this fails on your system:
23 error     tsc
23 error You can get information on how to open an issue for this project with:
23 error     npm bugs ConfServer
23 error Or if that isn't available, you can get their info via:
23 error     npm owner ls ConfServer
23 error There is likely additional logging output above.
24 verbose exit [ 1, true ]
